Using pre-set license
Built from '2021.1/staging' branch; Version is '2021.1.7f1 (d91830b65d9b) revision 14227504'; Using compiler version '192528614'; Build Type 'Release'
OS: 'Windows 10 Home; OS build 19044.2006; Version 2009; 64bit' Language: 'en' Physical Memory: 32160 MB
BatchMode: 1, IsHumanControllingUs: 0, StartBugReporterOnCrash: 0, Is64bit: 1, IsPro: 0

 COMMAND LINE ARGUMENTS:
C:\Program Files\2021.1.7f1\Editor\Unity.exe
-adb2
-batchMode
-noUpm
-name
AssetImportWorker0
-projectPath
C:/Users/97252/Dropbox/Ofearos/Creative/UnityProjects/UdemyCourseProject/GunBun
-logFile
Logs/AssetImportWorker0.log
-srvPort
55558
Successfully changed project path to: C:/Users/97252/Dropbox/Ofearos/Creative/UnityProjects/UdemyCourseProject/GunBun
C:/Users/97252/Dropbox/Ofearos/Creative/UnityProjects/UdemyCourseProject/GunBun
Using Asset Import Pipeline V2.
Refreshing native plugins compatible for Editor in 37.94 ms, found 0 plugins.
Preloading 0 native plugins for Editor in 0.00 ms.
Initialize engine version: 2021.1.7f1 (d91830b65d9b)
[Subsystems] Discovering subsystems at path C:/Program Files/2021.1.7f1/Editor/Data/Resources/UnitySubsystems
[Subsystems] Discovering subsystems at path C:/Users/97252/Dropbox/Ofearos/Creative/UnityProjects/UdemyCourseProject/GunBun/Assets
GfxDevice: creating device client; threaded=0; jobified=0
Direct3D:
    Version:  Direct3D 11.0 [level 11.1]
    Renderer: NVIDIA GeForce RTX 3060 Laptop GPU (ID=0x2520)
    Vendor:   NVIDIA
    VRAM:     6023 MB
    Driver:   30.0.15.1278
Shader 'Universal Render Pipeline/Particles/Lit': fallback shader 'Universal Render Pipeline/Particles/SimpleLit' not found
Initialize mono
Mono path[0] = 'C:/Program Files/2021.1.7f1/Editor/Data/Managed'
Mono path[1] = 'C:/Program Files/2021.1.7f1/Editor/Data/MonoBleedingEdge/lib/mono/unityjit'
Mono config path = 'C:/Program Files/2021.1.7f1/Editor/Data/MonoBleedingEdge/etc'
Using monoOptions --debugger-agent=transport=dt_socket,embedding=1,server=y,suspend=n,address=127.0.0.1:56332
Begin MonoManager ReloadAssembly
Registering precompiled unity dll's ...
Register platform support module: C:/Program Files/2021.1.7f1/Editor/Data/PlaybackEngines/WindowsStandaloneSupport/UnityEditor.WindowsStandalone.Extensions.dll
Registered in 0.001806 seconds.
Native extension for WindowsStandalone target not found
Refreshing native plugins compatible for Editor in 41.50 ms, found 0 plugins.
Preloading 0 native plugins for Editor in 0.00 ms.
Mono: successfully reloaded assembly
- Completed reload, in  1.023 seconds
Platform modules already initialized, skipping
Registering precompiled user dll's ...
Registered in 0.001773 seconds.
Begin MonoManager ReloadAssembly
Native extension for WindowsStandalone target not found
Refreshing native plugins compatible for Editor in 37.70 ms, found 0 plugins.
Preloading 0 native plugins for Editor in 0.00 ms.
Mono: successfully reloaded assembly
- Completed reload, in  0.815 seconds
Platform modules already initialized, skipping
========================================================================
Worker process is ready to serve import requests
Shader 'Universal Render Pipeline/Particles/Lit': fallback shader 'Universal Render Pipeline/Particles/SimpleLit' not found
Launched and connected shader compiler UnityShaderCompiler.exe after 0.04 seconds
Refreshing native plugins compatible for Editor in 0.66 ms, found 0 plugins.
Preloading 0 native plugins for Editor in 0.00 ms.
Unloading 2194 Unused Serialized files (Serialized files now loaded: 0)
System memory in use before: 108.5 MB.
System memory in use after: 108.6 MB.

Unloading 15 unused Assets to reduce memory usage. Loaded Objects now: 2652.
Total: 2.085800 ms (FindLiveObjects: 0.205500 ms CreateObjectMapping: 0.056400 ms MarkObjects: 1.742700 ms  DeleteObjects: 0.080200 ms)

========================================================================
Received Import Request.
  path: Assets
  artifactKey: Guid(00000000000000001000000000000000) Importer(815301076,1909f56bfc062723c751e8b465ee728b)
Start importing Assets using Guid(00000000000000001000000000000000) Importer(815301076,1909f56bfc062723c751e8b465ee728b)  -> (artifact id: '42d402b061de3733987d63b9cc3b64de') in 0.009389 seconds 
========================================================================
Received Import Request.
  Time since last request: 4.511082 seconds.
  path: Assets/Rendering
  artifactKey: Guid(8ca3955143d8f5248bd7562a88991fe9) Importer(815301076,1909f56bfc062723c751e8b465ee728b)
Start importing Assets/Rendering using Guid(8ca3955143d8f5248bd7562a88991fe9) Importer(815301076,1909f56bfc062723c751e8b465ee728b)  -> (artifact id: '9a2db55fcfffb532e2dac882255e3261') in 0.005520 seconds 
========================================================================
Received Import Request.
  Time since last request: 20.361884 seconds.
  path: Assets/Rendering/UniversalRenderPipelineAsset.asset
  artifactKey: Guid(c76477e67e26577428f15c49250567b1) Importer(815301076,1909f56bfc062723c751e8b465ee728b)
Start importing Assets/Rendering/UniversalRenderPipelineAsset.asset using Guid(c76477e67e26577428f15c49250567b1) Importer(815301076,1909f56bfc062723c751e8b465ee728b)  -> (artifact id: '1764a63d9470b8aabd4c358ea466c208') in 0.028982 seconds 
========================================================================
Received Import Request.
  Time since last request: 0.000182 seconds.
  path: Assets/Rendering/UniversalRenderPipelineAsset_Renderer.asset
  artifactKey: Guid(c5113593780aee942b0a867c47b68a97) Importer(815301076,1909f56bfc062723c751e8b465ee728b)
Start importing Assets/Rendering/UniversalRenderPipelineAsset_Renderer.asset using Guid(c5113593780aee942b0a867c47b68a97) Importer(815301076,1909f56bfc062723c751e8b465ee728b)  -> (artifact id: 'cbdca1c96de96d909403e4bf64b4ed2a') in 0.005918 seconds 
========================================================================
Received Import Request.
  Time since last request: 100.422713 seconds.
  path: Assets/Rendering/UniversalRenderPipelineAsset.asset
  artifactKey: Guid(c76477e67e26577428f15c49250567b1) Importer(815301076,1909f56bfc062723c751e8b465ee728b)
Start importing Assets/Rendering/UniversalRenderPipelineAsset.asset using Guid(c76477e67e26577428f15c49250567b1) Importer(815301076,1909f56bfc062723c751e8b465ee728b)  -> (artifact id: '9c899278431c7c21ed218a02499575e8') in 0.037888 seconds 
========================================================================
Received Import Request.
  Time since last request: 0.000169 seconds.
  path: Assets/Rendering/UniversalRenderPipelineAsset_Renderer.asset
  artifactKey: Guid(c5113593780aee942b0a867c47b68a97) Importer(815301076,1909f56bfc062723c751e8b465ee728b)
Start importing Assets/Rendering/UniversalRenderPipelineAsset_Renderer.asset using Guid(c5113593780aee942b0a867c47b68a97) Importer(815301076,1909f56bfc062723c751e8b465ee728b)  -> (artifact id: '3e9496b31b44341775af7396ab8b0344') in 0.017933 seconds 
========================================================================
Received Prepare
Switching render pipeline 00000000000000000000000000000000 -> c76477e67e26577428f15c49250567b1
Shader 'Universal Render Pipeline/Particles/Lit': fallback shader 'Universal Render Pipeline/Particles/SimpleLit' not found
Refreshing native plugins compatible for Editor in 1.10 ms, found 0 plugins.
Preloading 0 native plugins for Editor in 0.00 ms.
Unloading 54 Unused Serialized files (Serialized files now loaded: 0)
System memory in use before: 65.4 MB.
System memory in use after: 65.5 MB.

Unloading 4 unused Assets to reduce memory usage. Loaded Objects now: 2702.
Total: 2.250400 ms (FindLiveObjects: 0.199500 ms CreateObjectMapping: 0.052200 ms MarkObjects: 1.952300 ms  DeleteObjects: 0.045800 ms)

AssetImportWorkerClient::OnTransportError - code=2 error=End of file
